<!DOCTYPE html>
<html>
<head>
<meta http-equiv="Content-Type" content="text/html; charset=utf-8"/>
<meta http-equiv="x-ua-compatible" content="IE=edge"/>
<title>Test results - PostRepositoryTests</title>
<link href="../css/base-style.css" rel="stylesheet" type="text/css"/>
<link href="../css/style.css" rel="stylesheet" type="text/css"/>
<script src="../js/report.js" type="text/javascript"></script>
</head>
<body>
<div id="content">
<h1>PostRepositoryTests</h1>
<div class="breadcrumbs">
<a href="../index.html">all</a> &gt; 
<a href="../packages/com.start.springboot.domain.post.html">com.start.springboot.domain.post</a> &gt; PostRepositoryTests</div>
<div id="summary">
<table>
<tr>
<td>
<div class="summaryGroup">
<table>
<tr>
<td>
<div class="infoBox" id="tests">
<div class="counter">10</div>
<p>tests</p>
</div>
</td>
<td>
<div class="infoBox" id="failures">
<div class="counter">2</div>
<p>failures</p>
</div>
</td>
<td>
<div class="infoBox" id="ignored">
<div class="counter">0</div>
<p>ignored</p>
</div>
</td>
<td>
<div class="infoBox" id="duration">
<div class="counter">0.400s</div>
<p>duration</p>
</div>
</td>
</tr>
</table>
</div>
</td>
<td>
<div class="infoBox failures" id="successRate">
<div class="percent">80%</div>
<p>successful</p>
</div>
</td>
</tr>
</table>
</div>
<div id="tabs">
<ul class="tabLinks">
<li>
<a href="#tab0">Failed tests</a>
</li>
<li>
<a href="#tab1">Tests</a>
</li>
<li>
<a href="#tab2">Standard output</a>
</li>
</ul>
<div id="tab0" class="tab">
<h2>Failed tests</h2>
<div class="test">
<a name="testDeletePost()"></a>
<h3 class="failures">testDeletePost()</h3>
<span class="code">
<pre>org.springframework.dao.EmptyResultDataAccessException: No class com.start.springboot.domain.post.entity.Post entity with id 2 exists!
	at app//org.springframework.data.jpa.repository.support.SimpleJpaRepository.lambda$deleteById$0(SimpleJpaRepository.java:173)
	at java.base@11.0.20/java.util.Optional.orElseThrow(Optional.java:408)
	at app//org.springframework.data.jpa.repository.support.SimpleJpaRepository.deleteById(SimpleJpaRepository.java:172)
	at java.base@11.0.20/jdk.internal.reflect.NativeMethodAccessorImpl.invoke0(Native Method)
	at java.base@11.0.20/jdk.internal.reflect.NativeMethodAccessorImpl.invoke(NativeMethodAccessorImpl.java:62)
	at java.base@11.0.20/jdk.internal.reflect.DelegatingMethodAccessorImpl.invoke(DelegatingMethodAccessorImpl.java:43)
	at java.base@11.0.20/java.lang.reflect.Method.invoke(Method.java:566)
	at app//org.springframework.data.repository.core.support.RepositoryMethodInvoker$RepositoryFragmentMethodInvoker.lambda$new$0(RepositoryMethodInvoker.java:289)
	at app//org.springframework.data.repository.core.support.RepositoryMethodInvoker.doInvoke(RepositoryMethodInvoker.java:137)
	at app//org.springframework.data.repository.core.support.RepositoryMethodInvoker.invoke(RepositoryMethodInvoker.java:121)
	at app//org.springframework.data.repository.core.support.RepositoryComposition$RepositoryFragments.invoke(RepositoryComposition.java:530)
	at app//org.springframework.data.repository.core.support.RepositoryComposition.invoke(RepositoryComposition.java:286)
	at app//org.springframework.data.repository.core.support.RepositoryFactorySupport$ImplementationMethodExecutionInterceptor.invoke(RepositoryFactorySupport.java:640)
	at app//org.springframework.aop.framework.ReflectiveMethodInvocation.proceed(ReflectiveMethodInvocation.java:186)
	at app//org.springframework.data.repository.core.support.QueryExecutorMethodInterceptor.doInvoke(QueryExecutorMethodInterceptor.java:164)
	at app//org.springframework.data.repository.core.support.QueryExecutorMethodInterceptor.invoke(QueryExecutorMethodInterceptor.java:139)
	at app//org.springframework.aop.framework.ReflectiveMethodInvocation.proceed(ReflectiveMethodInvocation.java:186)
	at app//org.springframework.transaction.interceptor.TransactionInterceptor$1.proceedWithInvocation(TransactionInterceptor.java:123)
	at app//org.springframework.transaction.interceptor.TransactionAspectSupport.invokeWithinTransaction(TransactionAspectSupport.java:388)
	at app//org.springframework.transaction.interceptor.TransactionInterceptor.invoke(TransactionInterceptor.java:119)
	at app//org.springframework.aop.framework.ReflectiveMethodInvocation.proceed(ReflectiveMethodInvocation.java:186)
	at app//org.springframework.dao.support.PersistenceExceptionTranslationInterceptor.invoke(PersistenceExceptionTranslationInterceptor.java:137)
	at app//org.springframework.aop.framework.ReflectiveMethodInvocation.proceed(ReflectiveMethodInvocation.java:186)
	at app//org.springframework.data.jpa.repository.support.CrudMethodMetadataPostProcessor$CrudMethodMetadataPopulatingMethodInterceptor.invoke(CrudMethodMetadataPostProcessor.java:174)
	at app//org.springframework.aop.framework.ReflectiveMethodInvocation.proceed(ReflectiveMethodInvocation.java:186)
	at app//org.springframework.aop.interceptor.ExposeInvocationInterceptor.invoke(ExposeInvocationInterceptor.java:97)
	at app//org.springframework.aop.framework.ReflectiveMethodInvocation.proceed(ReflectiveMethodInvocation.java:186)
	at app//org.springframework.aop.framework.JdkDynamicAopProxy.invoke(JdkDynamicAopProxy.java:241)
	at app//com.sun.proxy.$Proxy141.deleteById(Unknown Source)
	at app//com.start.springboot.domain.post.service.PostService.deletePost(PostService.java:34)
	at app//com.start.springboot.domain.post.service.PostService$$FastClassBySpringCGLIB$$9ac26a22.invoke(&lt;generated&gt;)
	at app//org.springframework.cglib.proxy.MethodProxy.invoke(MethodProxy.java:218)
	at app//org.springframework.aop.framework.CglibAopProxy$CglibMethodInvocation.invokeJoinpoint(CglibAopProxy.java:793)
	at app//org.springframework.aop.framework.ReflectiveMethodInvocation.proceed(ReflectiveMethodInvocation.java:163)
	at app//org.springframework.aop.framework.CglibAopProxy$CglibMethodInvocation.proceed(CglibAopProxy.java:763)
	at app//org.springframework.transaction.interceptor.TransactionInterceptor$1.proceedWithInvocation(TransactionInterceptor.java:123)
	at app//org.springframework.transaction.interceptor.TransactionAspectSupport.invokeWithinTransaction(TransactionAspectSupport.java:388)
	at app//org.springframework.transaction.interceptor.TransactionInterceptor.invoke(TransactionInterceptor.java:119)
	at app//org.springframework.aop.framework.ReflectiveMethodInvocation.proceed(ReflectiveMethodInvocation.java:186)
	at app//org.springframework.aop.framework.CglibAopProxy$CglibMethodInvocation.proceed(CglibAopProxy.java:763)
	at app//org.springframework.aop.framework.CglibAopProxy$DynamicAdvisedInterceptor.intercept(CglibAopProxy.java:708)
	at app//com.start.springboot.domain.post.service.PostService$$EnhancerBySpringCGLIB$$ee993f2f.deletePost(&lt;generated&gt;)
	at app//com.start.springboot.domain.post.PostRepositoryTests.testDeletePost(PostRepositoryTests.java:88)
	at java.base@11.0.20/jdk.internal.reflect.NativeMethodAccessorImpl.invoke0(Native Method)
	at java.base@11.0.20/jdk.internal.reflect.NativeMethodAccessorImpl.invoke(NativeMethodAccessorImpl.java:62)
	at java.base@11.0.20/jdk.internal.reflect.DelegatingMethodAccessorImpl.invoke(DelegatingMethodAccessorImpl.java:43)
	at java.base@11.0.20/java.lang.reflect.Method.invoke(Method.java:566)
	at app//org.junit.platform.commons.util.ReflectionUtils.invokeMethod(ReflectionUtils.java:725)
	at app//org.junit.jupiter.engine.execution.MethodInvocation.proceed(MethodInvocation.java:60)
	at app//org.junit.jupiter.engine.execution.InvocationInterceptorChain$ValidatingInvocation.proceed(InvocationInterceptorChain.java:131)
	at app//org.junit.jupiter.engine.extension.TimeoutExtension.intercept(TimeoutExtension.java:149)
	at app//org.junit.jupiter.engine.extension.TimeoutExtension.interceptTestableMethod(TimeoutExtension.java:140)
	at app//org.junit.jupiter.engine.extension.TimeoutExtension.interceptTestMethod(TimeoutExtension.java:84)
	at app//org.junit.jupiter.engine.execution.ExecutableInvoker$ReflectiveInterceptorCall.lambda$ofVoidMethod$0(ExecutableInvoker.java:115)
	at app//org.junit.jupiter.engine.execution.ExecutableInvoker.lambda$invoke$0(ExecutableInvoker.java:105)
	at app//org.junit.jupiter.engine.execution.InvocationInterceptorChain$InterceptedInvocation.proceed(InvocationInterceptorChain.java:106)
	at app//org.junit.jupiter.engine.execution.InvocationInterceptorChain.proceed(InvocationInterceptorChain.java:64)
	at app//org.junit.jupiter.engine.execution.InvocationInterceptorChain.chainAndInvoke(InvocationInterceptorChain.java:45)
	at app//org.junit.jupiter.engine.execution.InvocationInterceptorChain.invoke(InvocationInterceptorChain.java:37)
	at app//org.junit.jupiter.engine.execution.ExecutableInvoker.invoke(ExecutableInvoker.java:104)
	at app//org.junit.jupiter.engine.execution.ExecutableInvoker.invoke(ExecutableInvoker.java:98)
	at app//org.junit.jupiter.engine.descriptor.TestMethodTestDescriptor.lambda$invokeTestMethod$7(TestMethodTestDescriptor.java:214)
	at app//org.junit.platform.engine.support.hierarchical.ThrowableCollector.execute(ThrowableCollector.java:73)
	at app//org.junit.jupiter.engine.descriptor.TestMethodTestDescriptor.invokeTestMethod(TestMethodTestDescriptor.java:210)
	at app//org.junit.jupiter.engine.descriptor.TestMethodTestDescriptor.execute(TestMethodTestDescriptor.java:135)
	at app//org.junit.jupiter.engine.descriptor.TestMethodTestDescriptor.execute(TestMethodTestDescriptor.java:66)
	at app//org.junit.platform.engine.support.hierarchical.NodeTestTask.lambda$executeRecursively$6(NodeTestTask.java:151)
	at app//org.junit.platform.engine.support.hierarchical.ThrowableCollector.execute(ThrowableCollector.java:73)
	at app//org.junit.platform.engine.support.hierarchical.NodeTestTask.lambda$executeRecursively$8(NodeTestTask.java:141)
	at app//org.junit.platform.engine.support.hierarchical.Node.around(Node.java:137)
	at app//org.junit.platform.engine.support.hierarchical.NodeTestTask.lambda$executeRecursively$9(NodeTestTask.java:139)
	at app//org.junit.platform.engine.support.hierarchical.ThrowableCollector.execute(ThrowableCollector.java:73)
	at app//org.junit.platform.engine.support.hierarchical.NodeTestTask.executeRecursively(NodeTestTask.java:138)
	at app//org.junit.platform.engine.support.hierarchical.NodeTestTask.execute(NodeTestTask.java:95)
	at java.base@11.0.20/java.util.ArrayList.forEach(ArrayList.java:1541)
	at app//org.junit.platform.engine.support.hierarchical.SameThreadHierarchicalTestExecutorService.invokeAll(SameThreadHierarchicalTestExecutorService.java:41)
	at app//org.junit.platform.engine.support.hierarchical.NodeTestTask.lambda$executeRecursively$6(NodeTestTask.java:155)
	at app//org.junit.platform.engine.support.hierarchical.ThrowableCollector.execute(ThrowableCollector.java:73)
	at app//org.junit.platform.engine.support.hierarchical.NodeTestTask.lambda$executeRecursively$8(NodeTestTask.java:141)
	at app//org.junit.platform.engine.support.hierarchical.Node.around(Node.java:137)
	at app//org.junit.platform.engine.support.hierarchical.NodeTestTask.lambda$executeRecursively$9(NodeTestTask.java:139)
	at app//org.junit.platform.engine.support.hierarchical.ThrowableCollector.execute(ThrowableCollector.java:73)
	at app//org.junit.platform.engine.support.hierarchical.NodeTestTask.executeRecursively(NodeTestTask.java:138)
	at app//org.junit.platform.engine.support.hierarchical.NodeTestTask.execute(NodeTestTask.java:95)
	at java.base@11.0.20/java.util.ArrayList.forEach(ArrayList.java:1541)
	at app//org.junit.platform.engine.support.hierarchical.SameThreadHierarchicalTestExecutorService.invokeAll(SameThreadHierarchicalTestExecutorService.java:41)
	at app//org.junit.platform.engine.support.hierarchical.NodeTestTask.lambda$executeRecursively$6(NodeTestTask.java:155)
	at app//org.junit.platform.engine.support.hierarchical.ThrowableCollector.execute(ThrowableCollector.java:73)
	at app//org.junit.platform.engine.support.hierarchical.NodeTestTask.lambda$executeRecursively$8(NodeTestTask.java:141)
	at app//org.junit.platform.engine.support.hierarchical.Node.around(Node.java:137)
	at app//org.junit.platform.engine.support.hierarchical.NodeTestTask.lambda$executeRecursively$9(NodeTestTask.java:139)
	at app//org.junit.platform.engine.support.hierarchical.ThrowableCollector.execute(ThrowableCollector.java:73)
	at app//org.junit.platform.engine.support.hierarchical.NodeTestTask.executeRecursively(NodeTestTask.java:138)
	at app//org.junit.platform.engine.support.hierarchical.NodeTestTask.execute(NodeTestTask.java:95)
	at app//org.junit.platform.engine.support.hierarchical.SameThreadHierarchicalTestExecutorService.submit(SameThreadHierarchicalTestExecutorService.java:35)
	at app//org.junit.platform.engine.support.hierarchical.HierarchicalTestExecutor.execute(HierarchicalTestExecutor.java:57)
	at app//org.junit.platform.engine.support.hierarchical.HierarchicalTestEngine.execute(HierarchicalTestEngine.java:54)
	at app//org.junit.platform.launcher.core.EngineExecutionOrchestrator.execute(EngineExecutionOrchestrator.java:107)
	at app//org.junit.platform.launcher.core.EngineExecutionOrchestrator.execute(EngineExecutionOrchestrator.java:88)
	at app//org.junit.platform.launcher.core.EngineExecutionOrchestrator.lambda$execute$0(EngineExecutionOrchestrator.java:54)
	at app//org.junit.platform.launcher.core.EngineExecutionOrchestrator.withInterceptedStreams(EngineExecutionOrchestrator.java:67)
	at app//org.junit.platform.launcher.core.EngineExecutionOrchestrator.execute(EngineExecutionOrchestrator.java:52)
	at app//org.junit.platform.launcher.core.DefaultLauncher.execute(DefaultLauncher.java:114)
	at app//org.junit.platform.launcher.core.DefaultLauncher.execute(DefaultLauncher.java:86)
	at app//org.junit.platform.launcher.core.DefaultLauncherSession$DelegatingLauncher.execute(DefaultLauncherSession.java:86)
	at org.gradle.api.internal.tasks.testing.junitplatform.JUnitPlatformTestClassProcessor$CollectAllTestClassesExecutor.processAllTestClasses(JUnitPlatformTestClassProcessor.java:110)
	at org.gradle.api.internal.tasks.testing.junitplatform.JUnitPlatformTestClassProcessor$CollectAllTestClassesExecutor.access$000(JUnitPlatformTestClassProcessor.java:90)
	at org.gradle.api.internal.tasks.testing.junitplatform.JUnitPlatformTestClassProcessor.stop(JUnitPlatformTestClassProcessor.java:85)
	at org.gradle.api.internal.tasks.testing.SuiteTestClassProcessor.stop(SuiteTestClassProcessor.java:62)
	at java.base@11.0.20/jdk.internal.reflect.NativeMethodAccessorImpl.invoke0(Native Method)
	at java.base@11.0.20/jdk.internal.reflect.NativeMethodAccessorImpl.invoke(NativeMethodAccessorImpl.java:62)
	at java.base@11.0.20/jdk.internal.reflect.DelegatingMethodAccessorImpl.invoke(DelegatingMethodAccessorImpl.java:43)
	at java.base@11.0.20/java.lang.reflect.Method.invoke(Method.java:566)
	at org.gradle.internal.dispatch.ReflectionDispatch.dispatch(ReflectionDispatch.java:36)
	at org.gradle.internal.dispatch.ReflectionDispatch.dispatch(ReflectionDispatch.java:24)
	at org.gradle.internal.dispatch.ContextClassLoaderDispatch.dispatch(ContextClassLoaderDispatch.java:33)
	at org.gradle.internal.dispatch.ProxyDispatchAdapter$DispatchingInvocationHandler.invoke(ProxyDispatchAdapter.java:94)
	at com.sun.proxy.$Proxy2.stop(Unknown Source)
	at org.gradle.api.internal.tasks.testing.worker.TestWorker$3.run(TestWorker.java:193)
	at org.gradle.api.internal.tasks.testing.worker.TestWorker.executeAndMaintainThreadName(TestWorker.java:129)
	at org.gradle.api.internal.tasks.testing.worker.TestWorker.execute(TestWorker.java:100)
	at org.gradle.api.internal.tasks.testing.worker.TestWorker.execute(TestWorker.java:60)
	at org.gradle.process.internal.worker.child.ActionExecutionWorker.execute(ActionExecutionWorker.java:56)
	at org.gradle.process.internal.worker.child.SystemApplicationClassLoaderWorker.call(SystemApplicationClassLoaderWorker.java:113)
	at org.gradle.process.internal.worker.child.SystemApplicationClassLoaderWorker.call(SystemApplicationClassLoaderWorker.java:65)
	at app//worker.org.gradle.process.internal.worker.GradleWorkerMain.run(GradleWorkerMain.java:69)
	at app//worker.org.gradle.process.internal.worker.GradleWorkerMain.main(GradleWorkerMain.java:74)
</pre>
</span>
</div>
<div class="test">
<a name="testWritePost()"></a>
<h3 class="failures">testWritePost()</h3>
<span class="code">
<pre>java.lang.NullPointerException: boards cannot be null
	at com.start.springboot.domain.navigation.entity.NavBar$NavBarBuilder.boards(NavBar.java:36)
	at com.start.springboot.domain.navigation.dto.NavBarDto.toEntity(NavBarDto.java:28)
	at com.start.springboot.domain.navigation.service.NavBarService.createNavBar(NavBarService.java:24)
	at com.start.springboot.domain.navigation.service.NavBarService.lambda$getNavBar$0(NavBarService.java:18)
	at java.base/java.util.Optional.orElseGet(Optional.java:369)
	at com.start.springboot.domain.navigation.service.NavBarService.getNavBar(NavBarService.java:17)
	at com.start.springboot.domain.navigation.service.NavBarService$$FastClassBySpringCGLIB$$7750106.invoke(&lt;generated&gt;)
	at org.springframework.cglib.proxy.MethodProxy.invoke(MethodProxy.java:218)
	at org.springframework.aop.framework.CglibAopProxy$CglibMethodInvocation.invokeJoinpoint(CglibAopProxy.java:793)
	at org.springframework.aop.framework.ReflectiveMethodInvocation.proceed(ReflectiveMethodInvocation.java:163)
	at org.springframework.aop.framework.CglibAopProxy$CglibMethodInvocation.proceed(CglibAopProxy.java:763)
	at org.springframework.transaction.interceptor.TransactionInterceptor$1.proceedWithInvocation(TransactionInterceptor.java:123)
	at org.springframework.transaction.interceptor.TransactionAspectSupport.invokeWithinTransaction(TransactionAspectSupport.java:388)
	at org.springframework.transaction.interceptor.TransactionInterceptor.invoke(TransactionInterceptor.java:119)
	at org.springframework.aop.framework.ReflectiveMethodInvocation.proceed(ReflectiveMethodInvocation.java:186)
	at org.springframework.aop.framework.CglibAopProxy$CglibMethodInvocation.proceed(CglibAopProxy.java:763)
	at org.springframework.aop.framework.CglibAopProxy$DynamicAdvisedInterceptor.intercept(CglibAopProxy.java:708)
	at com.start.springboot.domain.navigation.service.NavBarService$$EnhancerBySpringCGLIB$$4c84725b.getNavBar(&lt;generated&gt;)
	at com.start.springboot.domain.navigation.NavBarRepositoryTests.getNavBar(NavBarRepositoryTests.java:23)
	at com.start.springboot.domain.board.BoardRepositoryTests.testCreateBoard(BoardRepositoryTests.java:62)
	at com.start.springboot.domain.board.BoardRepositoryTests.testGetBoard(BoardRepositoryTests.java:51)
	at com.start.springboot.domain.post.PostRepositoryTests.testWritePost(PostRepositoryTests.java:63)
	at java.base/jdk.internal.reflect.NativeMethodAccessorImpl.invoke0(Native Method)
	at java.base/jdk.internal.reflect.NativeMethodAccessorImpl.invoke(NativeMethodAccessorImpl.java:62)
	at java.base/jdk.internal.reflect.DelegatingMethodAccessorImpl.invoke(DelegatingMethodAccessorImpl.java:43)
	at java.base/java.lang.reflect.Method.invoke(Method.java:566)
	at org.junit.platform.commons.util.ReflectionUtils.invokeMethod(ReflectionUtils.java:725)
	at org.junit.jupiter.engine.execution.MethodInvocation.proceed(MethodInvocation.java:60)
	at org.junit.jupiter.engine.execution.InvocationInterceptorChain$ValidatingInvocation.proceed(InvocationInterceptorChain.java:131)
	at org.junit.jupiter.engine.extension.TimeoutExtension.intercept(TimeoutExtension.java:149)
	at org.junit.jupiter.engine.extension.TimeoutExtension.interceptTestableMethod(TimeoutExtension.java:140)
	at org.junit.jupiter.engine.extension.TimeoutExtension.interceptTestMethod(TimeoutExtension.java:84)
	at org.junit.jupiter.engine.execution.ExecutableInvoker$ReflectiveInterceptorCall.lambda$ofVoidMethod$0(ExecutableInvoker.java:115)
	at org.junit.jupiter.engine.execution.ExecutableInvoker.lambda$invoke$0(ExecutableInvoker.java:105)
	at org.junit.jupiter.engine.execution.InvocationInterceptorChain$InterceptedInvocation.proceed(InvocationInterceptorChain.java:106)
	at org.junit.jupiter.engine.execution.InvocationInterceptorChain.proceed(InvocationInterceptorChain.java:64)
	at org.junit.jupiter.engine.execution.InvocationInterceptorChain.chainAndInvoke(InvocationInterceptorChain.java:45)
	at org.junit.jupiter.engine.execution.InvocationInterceptorChain.invoke(InvocationInterceptorChain.java:37)
	at org.junit.jupiter.engine.execution.ExecutableInvoker.invoke(ExecutableInvoker.java:104)
	at org.junit.jupiter.engine.execution.ExecutableInvoker.invoke(ExecutableInvoker.java:98)
	at org.junit.jupiter.engine.descriptor.TestMethodTestDescriptor.lambda$invokeTestMethod$7(TestMethodTestDescriptor.java:214)
	at org.junit.platform.engine.support.hierarchical.ThrowableCollector.execute(ThrowableCollector.java:73)
	at org.junit.jupiter.engine.descriptor.TestMethodTestDescriptor.invokeTestMethod(TestMethodTestDescriptor.java:210)
	at org.junit.jupiter.engine.descriptor.TestMethodTestDescriptor.execute(TestMethodTestDescriptor.java:135)
	at org.junit.jupiter.engine.descriptor.TestMethodTestDescriptor.execute(TestMethodTestDescriptor.java:66)
	at org.junit.platform.engine.support.hierarchical.NodeTestTask.lambda$executeRecursively$6(NodeTestTask.java:151)
	at org.junit.platform.engine.support.hierarchical.ThrowableCollector.execute(ThrowableCollector.java:73)
	at org.junit.platform.engine.support.hierarchical.NodeTestTask.lambda$executeRecursively$8(NodeTestTask.java:141)
	at org.junit.platform.engine.support.hierarchical.Node.around(Node.java:137)
	at org.junit.platform.engine.support.hierarchical.NodeTestTask.lambda$executeRecursively$9(NodeTestTask.java:139)
	at org.junit.platform.engine.support.hierarchical.ThrowableCollector.execute(ThrowableCollector.java:73)
	at org.junit.platform.engine.support.hierarchical.NodeTestTask.executeRecursively(NodeTestTask.java:138)
	at org.junit.platform.engine.support.hierarchical.NodeTestTask.execute(NodeTestTask.java:95)
	at java.base/java.util.ArrayList.forEach(ArrayList.java:1541)
	at org.junit.platform.engine.support.hierarchical.SameThreadHierarchicalTestExecutorService.invokeAll(SameThreadHierarchicalTestExecutorService.java:41)
	at org.junit.platform.engine.support.hierarchical.NodeTestTask.lambda$executeRecursively$6(NodeTestTask.java:155)
	at org.junit.platform.engine.support.hierarchical.ThrowableCollector.execute(ThrowableCollector.java:73)
	at org.junit.platform.engine.support.hierarchical.NodeTestTask.lambda$executeRecursively$8(NodeTestTask.java:141)
	at org.junit.platform.engine.support.hierarchical.Node.around(Node.java:137)
	at org.junit.platform.engine.support.hierarchical.NodeTestTask.lambda$executeRecursively$9(NodeTestTask.java:139)
	at org.junit.platform.engine.support.hierarchical.ThrowableCollector.execute(ThrowableCollector.java:73)
	at org.junit.platform.engine.support.hierarchical.NodeTestTask.executeRecursively(NodeTestTask.java:138)
	at org.junit.platform.engine.support.hierarchical.NodeTestTask.execute(NodeTestTask.java:95)
	at java.base/java.util.ArrayList.forEach(ArrayList.java:1541)
	at org.junit.platform.engine.support.hierarchical.SameThreadHierarchicalTestExecutorService.invokeAll(SameThreadHierarchicalTestExecutorService.java:41)
	at org.junit.platform.engine.support.hierarchical.NodeTestTask.lambda$executeRecursively$6(NodeTestTask.java:155)
	at org.junit.platform.engine.support.hierarchical.ThrowableCollector.execute(ThrowableCollector.java:73)
	at org.junit.platform.engine.support.hierarchical.NodeTestTask.lambda$executeRecursively$8(NodeTestTask.java:141)
	at org.junit.platform.engine.support.hierarchical.Node.around(Node.java:137)
	at org.junit.platform.engine.support.hierarchical.NodeTestTask.lambda$executeRecursively$9(NodeTestTask.java:139)
	at org.junit.platform.engine.support.hierarchical.ThrowableCollector.execute(ThrowableCollector.java:73)
	at org.junit.platform.engine.support.hierarchical.NodeTestTask.executeRecursively(NodeTestTask.java:138)
	at org.junit.platform.engine.support.hierarchical.NodeTestTask.execute(NodeTestTask.java:95)
	at org.junit.platform.engine.support.hierarchical.SameThreadHierarchicalTestExecutorService.submit(SameThreadHierarchicalTestExecutorService.java:35)
	at org.junit.platform.engine.support.hierarchical.HierarchicalTestExecutor.execute(HierarchicalTestExecutor.java:57)
	at org.junit.platform.engine.support.hierarchical.HierarchicalTestEngine.execute(HierarchicalTestEngine.java:54)
	at org.junit.platform.launcher.core.EngineExecutionOrchestrator.execute(EngineExecutionOrchestrator.java:107)
	at org.junit.platform.launcher.core.EngineExecutionOrchestrator.execute(EngineExecutionOrchestrator.java:88)
	at org.junit.platform.launcher.core.EngineExecutionOrchestrator.lambda$execute$0(EngineExecutionOrchestrator.java:54)
	at org.junit.platform.launcher.core.EngineExecutionOrchestrator.withInterceptedStreams(EngineExecutionOrchestrator.java:67)
	at org.junit.platform.launcher.core.EngineExecutionOrchestrator.execute(EngineExecutionOrchestrator.java:52)
	at org.junit.platform.launcher.core.DefaultLauncher.execute(DefaultLauncher.java:114)
	at org.junit.platform.launcher.core.DefaultLauncher.execute(DefaultLauncher.java:86)
	at org.junit.platform.launcher.core.DefaultLauncherSession$DelegatingLauncher.execute(DefaultLauncherSession.java:86)
	at org.gradle.api.internal.tasks.testing.junitplatform.JUnitPlatformTestClassProcessor$CollectAllTestClassesExecutor.processAllTestClasses(JUnitPlatformTestClassProcessor.java:110)
	at org.gradle.api.internal.tasks.testing.junitplatform.JUnitPlatformTestClassProcessor$CollectAllTestClassesExecutor.access$000(JUnitPlatformTestClassProcessor.java:90)
	at org.gradle.api.internal.tasks.testing.junitplatform.JUnitPlatformTestClassProcessor.stop(JUnitPlatformTestClassProcessor.java:85)
	at org.gradle.api.internal.tasks.testing.SuiteTestClassProcessor.stop(SuiteTestClassProcessor.java:62)
	at java.base/jdk.internal.reflect.NativeMethodAccessorImpl.invoke0(Native Method)
	at java.base/jdk.internal.reflect.NativeMethodAccessorImpl.invoke(NativeMethodAccessorImpl.java:62)
	at java.base/jdk.internal.reflect.DelegatingMethodAccessorImpl.invoke(DelegatingMethodAccessorImpl.java:43)
	at java.base/java.lang.reflect.Method.invoke(Method.java:566)
	at org.gradle.internal.dispatch.ReflectionDispatch.dispatch(ReflectionDispatch.java:36)
	at org.gradle.internal.dispatch.ReflectionDispatch.dispatch(ReflectionDispatch.java:24)
	at org.gradle.internal.dispatch.ContextClassLoaderDispatch.dispatch(ContextClassLoaderDispatch.java:33)
	at org.gradle.internal.dispatch.ProxyDispatchAdapter$DispatchingInvocationHandler.invoke(ProxyDispatchAdapter.java:94)
	at com.sun.proxy.$Proxy2.stop(Unknown Source)
	at org.gradle.api.internal.tasks.testing.worker.TestWorker$3.run(TestWorker.java:193)
	at org.gradle.api.internal.tasks.testing.worker.TestWorker.executeAndMaintainThreadName(TestWorker.java:129)
	at org.gradle.api.internal.tasks.testing.worker.TestWorker.execute(TestWorker.java:100)
	at org.gradle.api.internal.tasks.testing.worker.TestWorker.execute(TestWorker.java:60)
	at org.gradle.process.internal.worker.child.ActionExecutionWorker.execute(ActionExecutionWorker.java:56)
	at org.gradle.process.internal.worker.child.SystemApplicationClassLoaderWorker.call(SystemApplicationClassLoaderWorker.java:113)
	at org.gradle.process.internal.worker.child.SystemApplicationClassLoaderWorker.call(SystemApplicationClassLoaderWorker.java:65)
	at worker.org.gradle.process.internal.worker.GradleWorkerMain.run(GradleWorkerMain.java:69)
	at worker.org.gradle.process.internal.worker.GradleWorkerMain.main(GradleWorkerMain.java:74)
</pre>
</span>
</div>
</div>
<div id="tab1" class="tab">
<h2>Tests</h2>
<table>
<thead>
<tr>
<th>Test</th>
<th>Duration</th>
<th>Result</th>
</tr>
</thead>
<tr>
<td class="success">inspect()</td>
<td class="success">0.003s</td>
<td class="success">passed</td>
</tr>
<tr>
<td class="failures">testDeletePost()</td>
<td class="failures">0.016s</td>
<td class="failures">failed</td>
</tr>
<tr>
<td class="success">testGetPostByTitleAndPostIdGreaterThan()</td>
<td class="success">0.010s</td>
<td class="success">passed</td>
</tr>
<tr>
<td class="success">testGetPostByTitleContaining()</td>
<td class="success">0.220s</td>
<td class="success">passed</td>
</tr>
<tr>
<td class="success">testGetPostByTitleContainingAndPostIdGreaterThanAndPostIdLessThan()</td>
<td class="success">0.018s</td>
<td class="success">passed</td>
</tr>
<tr>
<td class="success">testGetPostByTitleContainingAndPostIdGreaterThanAndPostIdLessThanOrderByPostIdDesc()</td>
<td class="success">0.020s</td>
<td class="success">passed</td>
</tr>
<tr>
<td class="success">testGetPostByTitleContainingAndPostIdLessThan()</td>
<td class="success">0.014s</td>
<td class="success">passed</td>
</tr>
<tr>
<td class="success">testUpdatePost()</td>
<td class="success">0.002s</td>
<td class="success">passed</td>
</tr>
<tr>
<td class="success">testWriteDummyPost()</td>
<td class="success">0.002s</td>
<td class="success">passed</td>
</tr>
<tr>
<td class="failures">testWritePost()</td>
<td class="failures">0.095s</td>
<td class="failures">failed</td>
</tr>
</table>
</div>
<div id="tab2" class="tab">
<h2>Standard output</h2>
<span class="code">
<pre>19:46:59.120 [Test worker] DEBUG org.springframework.test.context.BootstrapUtils - Instantiating CacheAwareContextLoaderDelegate from class [org.springframework.test.context.cache.DefaultCacheAwareContextLoaderDelegate]
19:46:59.120 [Test worker] DEBUG org.springframework.test.context.BootstrapUtils - Instantiating BootstrapContext using constructor [public org.springframework.test.context.support.DefaultBootstrapContext(java.lang.Class,org.springframework.test.context.CacheAwareContextLoaderDelegate)]
19:46:59.136 [Test worker] DEBUG org.springframework.test.context.BootstrapUtils - Instantiating TestContextBootstrapper for test class [com.start.springboot.domain.post.PostRepositoryTests] from class [org.springframework.boot.test.context.SpringBootTestContextBootstrapper]
19:46:59.151 [Test worker] INFO org.springframework.boot.test.context.SpringBootTestContextBootstrapper - Neither @ContextConfiguration nor @ContextHierarchy found for test class [com.start.springboot.domain.post.PostRepositoryTests], using SpringBootContextLoader
19:46:59.151 [Test worker] DEBUG org.springframework.test.context.support.AbstractContextLoader - Did not detect default resource location for test class [com.start.springboot.domain.post.PostRepositoryTests]: class path resource [com/start/springboot/domain/post/PostRepositoryTests-context.xml] does not exist
19:46:59.151 [Test worker] DEBUG org.springframework.test.context.support.AbstractContextLoader - Did not detect default resource location for test class [com.start.springboot.domain.post.PostRepositoryTests]: class path resource [com/start/springboot/domain/post/PostRepositoryTestsContext.groovy] does not exist
19:46:59.151 [Test worker] INFO org.springframework.test.context.support.AbstractContextLoader - Could not detect default resource locations for test class [com.start.springboot.domain.post.PostRepositoryTests]: no resource found for suffixes {-context.xml, Context.groovy}.
19:46:59.151 [Test worker] INFO org.springframework.test.context.support.AnnotationConfigContextLoaderUtils - Could not detect default configuration classes for test class [com.start.springboot.domain.post.PostRepositoryTests]: PostRepositoryTests does not declare any static, non-private, non-final, nested classes annotated with @Configuration.
19:46:59.182 [Test worker] DEBUG org.springframework.test.context.support.ActiveProfilesUtils - Could not find an 'annotation declaring class' for annotation type [org.springframework.test.context.ActiveProfiles] and class [com.start.springboot.domain.post.PostRepositoryTests]
19:46:59.214 [Test worker] DEBUG org.springframework.context.annotation.ClassPathScanningCandidateComponentProvider - Identified candidate component class: file [C:\Dev Workspace\스타트 스프링 부트\build\classes\java\main\com\start\springboot\SpringbootApplication.class]
19:46:59.214 [Test worker] INFO org.springframework.boot.test.context.SpringBootTestContextBootstrapper - Found @SpringBootConfiguration com.start.springboot.SpringbootApplication for test class com.start.springboot.domain.post.PostRepositoryTests
19:46:59.292 [Test worker] DEBUG org.springframework.boot.test.context.SpringBootTestContextBootstrapper - @TestExecutionListeners is not present for class [com.start.springboot.domain.post.PostRepositoryTests]: using defaults.
19:46:59.292 [Test worker] INFO org.springframework.boot.test.context.SpringBootTestContextBootstrapper - Loaded default TestExecutionListener class names from location [META-INF/spring.factories]: [org.springframework.boot.test.autoconfigure.restdocs.RestDocsTestExecutionListener, org.springframework.boot.test.autoconfigure.web.client.MockRestServiceServerResetTestExecutionListener, org.springframework.boot.test.autoconfigure.web.servlet.MockMvcPrintOnlyOnFailureTestExecutionListener, org.springframework.boot.test.autoconfigure.web.servlet.WebDriverTestExecutionListener, org.springframework.boot.test.autoconfigure.webservices.client.MockWebServiceServerTestExecutionListener, org.springframework.boot.test.mock.mockito.MockitoTestExecutionListener, org.springframework.boot.test.mock.mockito.ResetMocksTestExecutionListener, org.springframework.test.context.web.ServletTestExecutionListener, org.springframework.test.context.support.DirtiesContextBeforeModesTestExecutionListener, org.springframework.test.context.event.ApplicationEventsTestExecutionListener, org.springframework.test.context.support.DependencyInjectionTestExecutionListener, org.springframework.test.context.support.DirtiesContextTestExecutionListener, org.springframework.test.context.transaction.TransactionalTestExecutionListener, org.springframework.test.context.jdbc.SqlScriptsTestExecutionListener, org.springframework.test.context.event.EventPublishingTestExecutionListener]
19:46:59.308 [Test worker] INFO org.springframework.boot.test.context.SpringBootTestContextBootstrapper - Using TestExecutionListeners: [org.springframework.test.context.web.ServletTestExecutionListener@3ee39da0, org.springframework.test.context.support.DirtiesContextBeforeModesTestExecutionListener@5d332969, org.springframework.test.context.event.ApplicationEventsTestExecutionListener@7cc9ce8, org.springframework.boot.test.mock.mockito.MockitoTestExecutionListener@2e27d72f, org.springframework.boot.test.autoconfigure.SpringBootDependencyInjectionTestExecutionListener@c0b41d6, org.springframework.test.context.support.DirtiesContextTestExecutionListener@4837595f, org.springframework.test.context.transaction.TransactionalTestExecutionListener@2bffa76d, org.springframework.test.context.jdbc.SqlScriptsTestExecutionListener@3b718392, org.springframework.test.context.event.EventPublishingTestExecutionListener@6d2260db, org.springframework.boot.test.autoconfigure.restdocs.RestDocsTestExecutionListener@1f2d2181, org.springframework.boot.test.autoconfigure.web.client.MockRestServiceServerResetTestExecutionListener@49bf29c6, org.springframework.boot.test.autoconfigure.web.servlet.MockMvcPrintOnlyOnFailureTestExecutionListener@7ee55e70, org.springframework.boot.test.autoconfigure.web.servlet.WebDriverTestExecutionListener@3fcdcf, org.springframework.boot.test.autoconfigure.webservices.client.MockWebServiceServerTestExecutionListener@7668d560, org.springframework.boot.test.mock.mockito.ResetMocksTestExecutionListener@46292372]
19:46:59.308 [Test worker] DEBUG org.springframework.test.context.support.AbstractDirtiesContextTestExecutionListener - Before test class: context [DefaultTestContext@4a8b5227 testClass = PostRepositoryTests, testInstance = [null], testMethod = [null], testException = [null], mergedContextConfiguration = [WebMergedContextConfiguration@54f5f647 testClass = PostRepositoryTests, locations = '{}', classes = '{class com.start.springboot.SpringbootApplication}', contextInitializerClasses = '[]', activeProfiles = '{}', propertySourceLocations = '{}', propertySourceProperties = '{org.springframework.boot.test.context.SpringBootTestContextBootstrapper=true}', contextCustomizers = set[org.springframework.boot.test.autoconfigure.actuate.metrics.MetricsExportContextCustomizerFactory$DisableMetricExportContextCustomizer@2783717b, org.springframework.boot.test.autoconfigure.properties.PropertyMappingContextCustomizer@0, org.springframework.boot.test.autoconfigure.web.servlet.WebDriverContextCustomizerFactory$Customizer@3234f74e, [ImportsContextCustomizer@6979efad key = [com.start.springboot.domain.board.BoardRepositoryTests]], org.springframework.boot.test.context.filter.ExcludeFilterContextCustomizer@878452d, org.springframework.boot.test.json.DuplicateJsonObjectContextCustomizerFactory$DuplicateJsonObjectContextCustomizer@5b080f3a, org.springframework.boot.test.mock.mockito.MockitoContextCustomizer@0, org.springframework.boot.test.web.client.TestRestTemplateContextCustomizer@6ca0256d, org.springframework.boot.test.context.SpringBootTestArgs@1, org.springframework.boot.test.context.SpringBootTestWebEnvironment@6736fa8d], resourceBasePath = 'src/main/webapp', contextLoader = 'org.springframework.boot.test.context.SpringBootContextLoader', parent = [null]], attributes = map['org.springframework.test.context.web.ServletTestExecutionListener.activateListener' -&gt; true]], class annotated with @DirtiesContext [false] with mode [null].

  .   ____          _            __ _ _
 /\\ / ___'_ __ _ _(_)_ __  __ _ \ \ \ \
( ( )\___ | '_ | '_| | '_ \/ _` | \ \ \ \
 \\/  ___)| |_)| | | | | || (_| |  ) ) ) )
  '  |____| .__|_| |_|_| |_\__, | / / / /
 =========|_|==============|___/=/_/_/_/
 :: Spring Boot ::               (v2.7.14)

2023-08-15 19:46:59.558  INFO 9800 --- [    Test worker] c.s.s.domain.post.PostRepositoryTests    : Starting PostRepositoryTests using Java 11.0.20 on DESKTOP-D1OSJI9 with PID 9800 (started by IKHYUN in C:\Dev Workspace\스타트 스프링 부트)
2023-08-15 19:46:59.558  INFO 9800 --- [    Test worker] c.s.s.domain.post.PostRepositoryTests    : No active profile set, falling back to 1 default profile: &quot;default&quot;
2023-08-15 19:47:00.074  INFO 9800 --- [    Test worker] .s.d.r.c.RepositoryConfigurationDelegate : Bootstrapping Spring Data JPA repositories in DEFAULT mode.
2023-08-15 19:47:00.105  INFO 9800 --- [    Test worker] .s.d.r.c.RepositoryConfigurationDelegate : Finished Spring Data repository scanning in 37 ms. Found 3 JPA repository interfaces.
2023-08-15 19:47:00.449  INFO 9800 --- [    Test worker] o.hibernate.jpa.internal.util.LogHelper  : HHH000204: Processing PersistenceUnitInfo [name: default]
2023-08-15 19:47:00.480  INFO 9800 --- [    Test worker] org.hibernate.Version                    : HHH000412: Hibernate ORM core version 5.6.15.Final
2023-08-15 19:47:00.589  INFO 9800 --- [    Test worker] o.hibernate.annotations.common.Version   : HCANN000001: Hibernate Commons Annotations {5.1.2.Final}
2023-08-15 19:47:00.652  INFO 9800 --- [    Test worker] com.zaxxer.hikari.HikariDataSource       : HikariPool-1 - Starting...
2023-08-15 19:47:00.699  INFO 9800 --- [    Test worker] com.zaxxer.hikari.HikariDataSource       : HikariPool-1 - Start completed.
2023-08-15 19:47:00.714  INFO 9800 --- [    Test worker] org.hibernate.dialect.Dialect            : HHH000400: Using dialect: org.hibernate.dialect.MariaDB106Dialect
2023-08-15 19:47:01.105 DEBUG 9800 --- [    Test worker] org.hibernate.SQL                        : 
    
    alter table tb_board 
       drop 
       foreign key if exists FK8etxkdi74gxle95n1y7wmwyjl
Hibernate: 
    
    alter table tb_board 
       drop 
       foreign key if exists FK8etxkdi74gxle95n1y7wmwyjl
2023-08-15 19:47:01.136 DEBUG 9800 --- [    Test worker] org.hibernate.SQL                        : 
    
    alter table tb_post 
       drop 
       foreign key if exists FKack74uh4wuuqcxgfxcpwtjllu
Hibernate: 
    
    alter table tb_post 
       drop 
       foreign key if exists FKack74uh4wuuqcxgfxcpwtjllu
2023-08-15 19:47:01.136 DEBUG 9800 --- [    Test worker] org.hibernate.SQL                        : 
    
    drop table if exists tb_board
Hibernate: 
    
    drop table if exists tb_board
2023-08-15 19:47:01.152 DEBUG 9800 --- [    Test worker] org.hibernate.SQL                        : 
    
    drop table if exists tb_nav_bar
Hibernate: 
    
    drop table if exists tb_nav_bar
2023-08-15 19:47:01.168 DEBUG 9800 --- [    Test worker] org.hibernate.SQL                        : 
    
    drop table if exists tb_post
Hibernate: 
    
    drop table if exists tb_post
2023-08-15 19:47:01.183 DEBUG 9800 --- [    Test worker] org.hibernate.SQL                        : 
    
    drop sequence board_seq
Hibernate: 
    
    drop sequence board_seq
2023-08-15 19:47:01.183 DEBUG 9800 --- [    Test worker] org.hibernate.SQL                        : 
    
    drop sequence nav_bar_seq
Hibernate: 
    
    drop sequence nav_bar_seq
2023-08-15 19:47:01.199 DEBUG 9800 --- [    Test worker] org.hibernate.SQL                        : 
    
    drop sequence post_seq
Hibernate: 
    
    drop sequence post_seq
2023-08-15 19:47:01.199 DEBUG 9800 --- [    Test worker] org.hibernate.SQL                        : create sequence board_seq start with 1 increment by 1
Hibernate: create sequence board_seq start with 1 increment by 1
2023-08-15 19:47:01.215 DEBUG 9800 --- [    Test worker] org.hibernate.SQL                        : create sequence nav_bar_seq start with 1 increment by 1
Hibernate: create sequence nav_bar_seq start with 1 increment by 1
2023-08-15 19:47:01.230 DEBUG 9800 --- [    Test worker] org.hibernate.SQL                        : create sequence post_seq start with 1 increment by 1
Hibernate: create sequence post_seq start with 1 increment by 1
2023-08-15 19:47:01.246 DEBUG 9800 --- [    Test worker] org.hibernate.SQL                        : 
    
    create table tb_board (
       board_id bigint not null,
        board_create_date datetime(6),
        board_create_user varchar(255),
        board_name varchar(255),
        board_update_date datetime(6),
        board_update_user varchar(255),
        board_use_yn varchar(255) default 'Y',
        board_nav_bar_id bigint,
        primary key (board_id)
    ) engine=InnoDB
Hibernate: 
    
    create table tb_board (
       board_id bigint not null,
        board_create_date datetime(6),
        board_create_user varchar(255),
        board_name varchar(255),
        board_update_date datetime(6),
        board_update_user varchar(255),
        board_use_yn varchar(255) default 'Y',
        board_nav_bar_id bigint,
        primary key (board_id)
    ) engine=InnoDB
2023-08-15 19:47:01.246 DEBUG 9800 --- [    Test worker] org.hibernate.SQL                        : 
    
    create table tb_nav_bar (
       nav_bar_id bigint not null,
        nav_bar_gnb varchar(255) not null,
        nav_bar_lnb varchar(255),
        primary key (nav_bar_id)
    ) engine=InnoDB
Hibernate: 
    
    create table tb_nav_bar (
       nav_bar_id bigint not null,
        nav_bar_gnb varchar(255) not null,
        nav_bar_lnb varchar(255),
        primary key (nav_bar_id)
    ) engine=InnoDB
2023-08-15 19:47:01.261 DEBUG 9800 --- [    Test worker] org.hibernate.SQL                        : 
    
    create table tb_post (
       post_id bigint not null,
        post_content varchar(255),
        post_create_date datetime(6),
        post_show_yn varchar(255) default 'Y',
        post_title varchar(255),
        post_update_date datetime(6),
        post_view_count integer default 0 not null,
        post_writer varchar(255),
        board_board_id bigint,
        primary key (post_id)
    ) engine=InnoDB
Hibernate: 
    
    create table tb_post (
       post_id bigint not null,
        post_content varchar(255),
        post_create_date datetime(6),
        post_show_yn varchar(255) default 'Y',
        post_title varchar(255),
        post_update_date datetime(6),
        post_view_count integer default 0 not null,
        post_writer varchar(255),
        board_board_id bigint,
        primary key (post_id)
    ) engine=InnoDB
2023-08-15 19:47:01.261 DEBUG 9800 --- [    Test worker] org.hibernate.SQL                        : 
    
    alter table tb_board 
       add constraint FK8etxkdi74gxle95n1y7wmwyjl 
       foreign key (board_nav_bar_id) 
       references tb_nav_bar (nav_bar_id)
Hibernate: 
    
    alter table tb_board 
       add constraint FK8etxkdi74gxle95n1y7wmwyjl 
       foreign key (board_nav_bar_id) 
       references tb_nav_bar (nav_bar_id)
2023-08-15 19:47:01.324 DEBUG 9800 --- [    Test worker] org.hibernate.SQL                        : 
    
    alter table tb_post 
       add constraint FKack74uh4wuuqcxgfxcpwtjllu 
       foreign key (board_board_id) 
       references tb_board (board_id)
Hibernate: 
    
    alter table tb_post 
       add constraint FKack74uh4wuuqcxgfxcpwtjllu 
       foreign key (board_board_id) 
       references tb_board (board_id)
2023-08-15 19:47:01.386  INFO 9800 --- [    Test worker] o.h.e.t.j.p.i.JtaPlatformInitiator       : HHH000490: Using JtaPlatform implementation: [org.hibernate.engine.transaction.jta.platform.internal.NoJtaPlatform]
2023-08-15 19:47:01.386  INFO 9800 --- [    Test worker] j.LocalContainerEntityManagerFactoryBean : Initialized JPA EntityManagerFactory for persistence unit 'default'
2023-08-15 19:47:02.033  WARN 9800 --- [    Test worker] JpaBaseConfiguration$JpaWebConfiguration : spring.jpa.open-in-view is enabled by default. Therefore, database queries may be performed during view rendering. Explicitly configure spring.jpa.open-in-view to disable this warning
2023-08-15 19:47:02.618  WARN 9800 --- [    Test worker] ion$DefaultTemplateResolverConfiguration : Cannot find template location: classpath:/templates/ (please add some templates, check your Thymeleaf configuration, or set spring.thymeleaf.check-template-location=false)
2023-08-15 19:47:02.760  INFO 9800 --- [    Test worker] c.s.s.domain.post.PostRepositoryTests    : Started PostRepositoryTests in 3.436 seconds (JVM running for 4.242)
2023-08-15 19:47:02.979 DEBUG 9800 --- [    Test worker] org.hibernate.SQL                        : 
    select
        post0_.post_id as post_id1_2_,
        post0_.board_board_id as board_bo9_2_,
        post0_.post_content as post_con2_2_,
        post0_.post_create_date as post_cre3_2_,
        post0_.post_show_yn as post_sho4_2_,
        post0_.post_title as post_tit5_2_,
        post0_.post_update_date as post_upd6_2_,
        post0_.post_view_count as post_vie7_2_,
        post0_.post_writer as post_wri8_2_ 
    from
        tb_post post0_ 
    where
        post0_.post_title like ? escape '!'
Hibernate: 
    select
        post0_.post_id as post_id1_2_,
        post0_.board_board_id as board_bo9_2_,
        post0_.post_content as post_con2_2_,
        post0_.post_create_date as post_cre3_2_,
        post0_.post_show_yn as post_sho4_2_,
        post0_.post_title as post_tit5_2_,
        post0_.post_update_date as post_upd6_2_,
        post0_.post_view_count as post_vie7_2_,
        post0_.post_writer as post_wri8_2_ 
    from
        tb_post post0_ 
    where
        post0_.post_title like ? escape '!'
2023-08-15 19:47:02.995 TRACE 9800 --- [    Test worker] o.h.type.descriptor.sql.BasicBinder      : binding parameter [1] as [VARCHAR] - [%테스트%]
조회된 게시글이 없습니다.
2023-08-15 19:47:03.026 DEBUG 9800 --- [    Test worker] org.hibernate.SQL                        : 
    select
        post0_.post_title as col_0_0_,
        post0_.post_writer as col_1_0_,
        post0_.post_content as col_2_0_,
        post0_.post_create_date as col_3_0_ 
    from
        tb_post post0_ 
    where
        post0_.post_title=? 
        and post0_.post_id&gt;?
Hibernate: 
    select
        post0_.post_title as col_0_0_,
        post0_.post_writer as col_1_0_,
        post0_.post_content as col_2_0_,
        post0_.post_create_date as col_3_0_ 
    from
        tb_post post0_ 
    where
        post0_.post_title=? 
        and post0_.post_id&gt;?
2023-08-15 19:47:03.026 TRACE 9800 --- [    Test worker] o.h.type.descriptor.sql.BasicBinder      : binding parameter [1] as [VARCHAR] - [테스트 글 제목 150]
2023-08-15 19:47:03.026 TRACE 9800 --- [    Test worker] o.h.type.descriptor.sql.BasicBinder      : binding parameter [2] as [BIGINT] - [100]
조회된 게시글이 없습니다.
2023-08-15 19:47:03.042 DEBUG 9800 --- [    Test worker] org.hibernate.SQL                        : 
    select
        board0_.board_id as board_id1_0_0_,
        board0_.board_create_date as board_cr2_0_0_,
        board0_.board_create_user as board_cr3_0_0_,
        board0_.board_name as board_na4_0_0_,
        board0_.board_update_date as board_up5_0_0_,
        board0_.board_update_user as board_up6_0_0_,
        board0_.board_use_yn as board_us7_0_0_,
        board0_.board_nav_bar_id as board_na8_0_0_ 
    from
        tb_board board0_ 
    where
        board0_.board_id=?
Hibernate: 
    select
        board0_.board_id as board_id1_0_0_,
        board0_.board_create_date as board_cr2_0_0_,
        board0_.board_create_user as board_cr3_0_0_,
        board0_.board_name as board_na4_0_0_,
        board0_.board_update_date as board_up5_0_0_,
        board0_.board_update_user as board_up6_0_0_,
        board0_.board_use_yn as board_us7_0_0_,
        board0_.board_nav_bar_id as board_na8_0_0_ 
    from
        tb_board board0_ 
    where
        board0_.board_id=?
2023-08-15 19:47:03.042 TRACE 9800 --- [    Test worker] o.h.type.descriptor.sql.BasicBinder      : binding parameter [1] as [BIGINT] - [1]
2023-08-15 19:47:03.094 DEBUG 9800 --- [    Test worker] org.hibernate.SQL                        : 
    select
        navbar0_.nav_bar_id as nav_bar_1_1_,
        navbar0_.nav_bar_gnb as nav_bar_2_1_,
        navbar0_.nav_bar_lnb as nav_bar_3_1_ 
    from
        tb_nav_bar navbar0_ 
    where
        navbar0_.nav_bar_gnb=?
Hibernate: 
    select
        navbar0_.nav_bar_id as nav_bar_1_1_,
        navbar0_.nav_bar_gnb as nav_bar_2_1_,
        navbar0_.nav_bar_lnb as nav_bar_3_1_ 
    from
        tb_nav_bar navbar0_ 
    where
        navbar0_.nav_bar_gnb=?
2023-08-15 19:47:03.094 TRACE 9800 --- [    Test worker] o.h.type.descriptor.sql.BasicBinder      : binding parameter [1] as [VARCHAR] - [테스트]
2023-08-15 19:47:03.137 DEBUG 9800 --- [    Test worker] org.hibernate.SQL                        : 
    select
        post0_.post_id as post_id1_2_,
        post0_.board_board_id as board_bo9_2_,
        post0_.post_content as post_con2_2_,
        post0_.post_create_date as post_cre3_2_,
        post0_.post_show_yn as post_sho4_2_,
        post0_.post_title as post_tit5_2_,
        post0_.post_update_date as post_upd6_2_,
        post0_.post_view_count as post_vie7_2_,
        post0_.post_writer as post_wri8_2_ 
    from
        tb_post post0_ 
    where
        (
            post0_.post_title like ? escape '!'
        ) 
        and post0_.post_id&gt;? 
        and post0_.post_id&lt;? 
    order by
        post0_.post_id desc
Hibernate: 
    select
        post0_.post_id as post_id1_2_,
        post0_.board_board_id as board_bo9_2_,
        post0_.post_content as post_con2_2_,
        post0_.post_create_date as post_cre3_2_,
        post0_.post_show_yn as post_sho4_2_,
        post0_.post_title as post_tit5_2_,
        post0_.post_update_date as post_upd6_2_,
        post0_.post_view_count as post_vie7_2_,
        post0_.post_writer as post_wri8_2_ 
    from
        tb_post post0_ 
    where
        (
            post0_.post_title like ? escape '!'
        ) 
        and post0_.post_id&gt;? 
        and post0_.post_id&lt;? 
    order by
        post0_.post_id desc
2023-08-15 19:47:03.137 TRACE 9800 --- [    Test worker] o.h.type.descriptor.sql.BasicBinder      : binding parameter [1] as [VARCHAR] - [%테스트%]
2023-08-15 19:47:03.137 TRACE 9800 --- [    Test worker] o.h.type.descriptor.sql.BasicBinder      : binding parameter [2] as [BIGINT] - [0]
2023-08-15 19:47:03.137 TRACE 9800 --- [    Test worker] o.h.type.descriptor.sql.BasicBinder      : binding parameter [3] as [BIGINT] - [51]
조회된 게시글이 없습니다.
2023-08-15 19:47:03.153 DEBUG 9800 --- [    Test worker] org.hibernate.SQL                        : 
    select
        post0_.post_id as post_id1_2_,
        post0_.board_board_id as board_bo9_2_,
        post0_.post_content as post_con2_2_,
        post0_.post_create_date as post_cre3_2_,
        post0_.post_show_yn as post_sho4_2_,
        post0_.post_title as post_tit5_2_,
        post0_.post_update_date as post_upd6_2_,
        post0_.post_view_count as post_vie7_2_,
        post0_.post_writer as post_wri8_2_ 
    from
        tb_post post0_ 
    where
        (
            post0_.post_title like ? escape '!'
        ) 
        and post0_.post_id&gt;? 
        and post0_.post_id&lt;? 
    order by
        post0_.post_id desc limit ?
Hibernate: 
    select
        post0_.post_id as post_id1_2_,
        post0_.board_board_id as board_bo9_2_,
        post0_.post_content as post_con2_2_,
        post0_.post_create_date as post_cre3_2_,
        post0_.post_show_yn as post_sho4_2_,
        post0_.post_title as post_tit5_2_,
        post0_.post_update_date as post_upd6_2_,
        post0_.post_view_count as post_vie7_2_,
        post0_.post_writer as post_wri8_2_ 
    from
        tb_post post0_ 
    where
        (
            post0_.post_title like ? escape '!'
        ) 
        and post0_.post_id&gt;? 
        and post0_.post_id&lt;? 
    order by
        post0_.post_id desc limit ?
2023-08-15 19:47:03.168 TRACE 9800 --- [    Test worker] o.h.type.descriptor.sql.BasicBinder      : binding parameter [1] as [VARCHAR] - [%테스트%]
2023-08-15 19:47:03.168 TRACE 9800 --- [    Test worker] o.h.type.descriptor.sql.BasicBinder      : binding parameter [2] as [BIGINT] - [0]
2023-08-15 19:47:03.168 TRACE 9800 --- [    Test worker] o.h.type.descriptor.sql.BasicBinder      : binding parameter [3] as [BIGINT] - [51]
조회된 게시글이 없습니다.
2023-08-15 19:47:03.184 DEBUG 9800 --- [    Test worker] org.hibernate.SQL                        : 
    select
        post0_.post_id as post_id1_2_,
        post0_.board_board_id as board_bo9_2_,
        post0_.post_content as post_con2_2_,
        post0_.post_create_date as post_cre3_2_,
        post0_.post_show_yn as post_sho4_2_,
        post0_.post_title as post_tit5_2_,
        post0_.post_update_date as post_upd6_2_,
        post0_.post_view_count as post_vie7_2_,
        post0_.post_writer as post_wri8_2_ 
    from
        tb_post post0_ 
    where
        (
            post0_.post_title like ? escape '!'
        ) 
        and post0_.post_id&lt;? 
    order by
        post0_.post_id desc limit ?
Hibernate: 
    select
        post0_.post_id as post_id1_2_,
        post0_.board_board_id as board_bo9_2_,
        post0_.post_content as post_con2_2_,
        post0_.post_create_date as post_cre3_2_,
        post0_.post_show_yn as post_sho4_2_,
        post0_.post_title as post_tit5_2_,
        post0_.post_update_date as post_upd6_2_,
        post0_.post_view_count as post_vie7_2_,
        post0_.post_writer as post_wri8_2_ 
    from
        tb_post post0_ 
    where
        (
            post0_.post_title like ? escape '!'
        ) 
        and post0_.post_id&lt;? 
    order by
        post0_.post_id desc limit ?
2023-08-15 19:47:03.184 TRACE 9800 --- [    Test worker] o.h.type.descriptor.sql.BasicBinder      : binding parameter [1] as [VARCHAR] - [%테스트 글 제목%]
2023-08-15 19:47:03.184 TRACE 9800 --- [    Test worker] o.h.type.descriptor.sql.BasicBinder      : binding parameter [2] as [BIGINT] - [51]
조회된 게시글이 없습니다.
2023-08-15 19:47:03.200 DEBUG 9800 --- [    Test worker] org.hibernate.SQL                        : 
    select
        post0_.post_id as post_id1_2_0_,
        post0_.board_board_id as board_bo9_2_0_,
        post0_.post_content as post_con2_2_0_,
        post0_.post_create_date as post_cre3_2_0_,
        post0_.post_show_yn as post_sho4_2_0_,
        post0_.post_title as post_tit5_2_0_,
        post0_.post_update_date as post_upd6_2_0_,
        post0_.post_view_count as post_vie7_2_0_,
        post0_.post_writer as post_wri8_2_0_ 
    from
        tb_post post0_ 
    where
        post0_.post_id=?
Hibernate: 
    select
        post0_.post_id as post_id1_2_0_,
        post0_.board_board_id as board_bo9_2_0_,
        post0_.post_content as post_con2_2_0_,
        post0_.post_create_date as post_cre3_2_0_,
        post0_.post_show_yn as post_sho4_2_0_,
        post0_.post_title as post_tit5_2_0_,
        post0_.post_update_date as post_upd6_2_0_,
        post0_.post_view_count as post_vie7_2_0_,
        post0_.post_writer as post_wri8_2_0_ 
    from
        tb_post post0_ 
    where
        post0_.post_id=?
2023-08-15 19:47:03.200 TRACE 9800 --- [    Test worker] o.h.type.descriptor.sql.BasicBinder      : binding parameter [1] as [BIGINT] - [2]
</pre>
</span>
</div>
</div>
<div id="footer">
<p>
<div>
<label class="hidden" id="label-for-line-wrapping-toggle" for="line-wrapping-toggle">Wrap lines
<input id="line-wrapping-toggle" type="checkbox" autocomplete="off"/>
</label>
</div>Generated by 
<a href="http://www.gradle.org">Gradle 8.2.1</a> at 2023. 8. 15. 오후 7:47:05</p>
</div>
</div>
</body>
</html>
